生成启动时间为 2019/7/23 8:44:57。
     1>项目“D:\git\PainterEngine\Space Old Driver\Space Old Driver\Space Old Driver.vcxproj”在节点 2 上(build 个目标)。
     1>InitializeBuildStatus:
         正在对“x64\Debug\Space Old Driver.unsuccessfulbuild”执行 Touch 任务。
       ClCompile:
         d:\Program Files (x86)\Microsoft Visual Studio 10.0\VC\bin\x86_amd64\CL.exe /c /Zi /nologo /W3 /WX- /Od /D _MBCS /Gm /EHsc /RTC1 /MDd /GS /fp:precise /Zc:wchar_t /Zc:forScope /Fo"x64\Debug\\" /Fd"x64\Debug\vc100.pdb" /Gd /TC /errorReport:prompt SOD_Play.c
         SOD_Play.c
         所有输出均为最新。
       Link:
         d:\Program Files (x86)\Microsoft Visual Studio 10.0\VC\bin\x86_amd64\link.exe /ERRORREPORT:PROMPT /OUT:"D:\git\PainterEngine\Space Old Driver\x64\Debug\Space Old Driver.exe" /NOLOGO kernel32.lib user32.lib gdi32.lib winspool.lib comdlg32.lib advapi32.lib shell32.lib ole32.lib oleaut32.lib uuid.lib odbc32.lib odbccp32.lib /MANIFEST /ManifestFile:"x64\Debug\Space Old Driver.exe.intermediate.manifest" /MANIFESTUAC:"level='asInvoker' uiAccess='false'" /DEBUG /PDB:"D:\git\PainterEngine\Space Old Driver\x64\Debug\Space Old Driver.pdb" /TLBID:1 /DYNAMICBASE /NXCOMPAT /IMPLIB:"D:\git\PainterEngine\Space Old Driver\x64\Debug\Space Old Driver.lib" /MACHINE:X64 x64\Debug\PainterEngine_Console.obj
         x64\Debug\PainterEngine_Runtime.obj
         x64\Debug\PX_AES.obj
         x64\Debug\PX_ANN.obj
         x64\Debug\PX_Arle.obj
         x64\Debug\PX_BaseGeo.obj
         x64\Debug\PX_Bitmap.obj
         x64\Debug\PX_BpNeural.obj
         x64\Debug\PX_curve25519.obj
         x64\Debug\PX_Effect.obj
         x64\Debug\PX_Font.obj
         x64\Debug\PX_Hashmap.obj
         x64\Debug\PX_Huffman.obj
         x64\Debug\PX_Linker.obj
         x64\Debug\PX_List.obj
         x64\Debug\PX_Log.obj
         x64\Debug\PX_Memory.obj
         x64\Debug\PX_MemoryPool.obj
         x64\Debug\PX_Packet.obj
         x64\Debug\PX_ParallelCore.obj
         x64\Debug\PX_Quadtree.obj
         x64\Debug\PX_Quicksort.obj
         x64\Debug\PX_rbtree.obj
         x64\Debug\PX_Sha256.obj
         x64\Debug\PX_Sound.obj
         x64\Debug\PX_String.obj
         x64\Debug\PX_Surface.obj
         x64\Debug\PX_Texture.obj
         x64\Debug\PX_TRaw.obj
         x64\Debug\PX_Typedef.obj
         x64\Debug\PX_Vector.obj
         x64\Debug\PX_Wave.obj
         x64\Debug\PX_Actor.obj
         x64\Debug\PX_Animation.obj
         x64\Debug\PX_Grammar.obj
         x64\Debug\PX_Lexer.obj
         x64\Debug\PX_Object.obj
         x64\Debug\PX_Partical.obj
         x64\Debug\PX_Resource.obj
         x64\Debug\PX_Script_ASMCompiler.obj
         x64\Debug\PX_Script_Interpreter.obj
         x64\Debug\PX_Script_VM.obj
         x64\Debug\PX_Sync.obj
         x64\Debug\PX_TransmissionProtocal.obj
         x64\Debug\PX_World.obj
         x64\Debug\Platform_Windows_D2D.obj
         x64\Debug\SOD_Message.obj
         x64\Debug\SOD_Game.obj
         x64\Debug\SOD_Play.obj
         x64\Debug\SOD_Runtime.obj
         x64\Debug\SOD_Startup.obj
         x64\Debug\__Main.obj
         Space Old Driver.vcxproj -> D:\git\PainterEngine\Space Old Driver\x64\Debug\Space Old Driver.exe
       Manifest:
         C:\Program Files (x86)\Microsoft SDKs\Windows\v7.0A\bin\mt.exe /nologo /verbose /outputresource:"D:\git\PainterEngine\Space Old Driver\x64\Debug\Space Old Driver.exe;#1" /manifest "x64\Debug\Space Old Driver.exe.intermediate.manifest"
       FinalizeBuildStatus:
         正在删除文件“x64\Debug\Space Old Driver.unsuccessfulbuild”。
         正在对“x64\Debug\Space Old Driver.lastbuildstate”执行 Touch 任务。
     1>已完成生成项目“D:\git\PainterEngine\Space Old Driver\Space Old Driver\Space Old Driver.vcxproj”(build 个目标)的操作。

生成成功。

已用时间 00:00:00.80
